# JRE version: OpenJDK Runtime Environment (11.0.19+7) (build 11.0.19+7-post-Ubuntu-0ubuntu122.04.1)
# Java VM: OpenJDK 64-Bit Server VM (11.0.19+7-post-Ubuntu-0ubuntu122.04.1, mixed mode, sharing, tiered, compressed oops, g1 gc, linux-amd64)
Heap:
 garbage-first heap   total 368640K, used 212589K [0x0000000080000000, 0x0000000100000000)
  region size 1024K, 16 young (16384K), 13 survivors (13312K)
 Metaspace       used 131694K, capacity 137450K, committed 137720K, reserved 634880K
  class space    used 16924K, capacity 18965K, committed 19020K, reserved 516096K
GC Heap History (20 events):
Event: 351,419 GC heap before
{Heap before GC invocations=49 (full 0):
 garbage-first heap   total 368640K, used 291527K [0x0000000080000000, 0x0000000100000000)
  region size 1024K, 73 young (74752K), 11 survivors (11264K)
 Metaspace       used 120338K, capacity 124710K, committed 124920K, reserved 624640K
  class space    used 15518K, capacity 17126K, committed 17228K, reserved 516096K
}
Event: 351,451 GC heap after
{Heap after GC invocations=50 (full 0):
 garbage-first heap   total 368640K, used 238280K [0x0000000080000000, 0x0000000100000000)
  region size 1024K, 9 young (9216K), 9 survivors (9216K)
 Metaspace       used 120338K, capacity 124710K, committed 124920K, reserved 624640K
  class space    used 15518K, capacity 17126K, committed 17228K, reserved 516096K
}
Event: 351,833 GC heap before
{Heap before GC invocations=50 (full 0):
 garbage-first heap   total 368640K, used 297672K [0x0000000080000000, 0x0000000100000000)
  region size 1024K, 67 young (68608K), 9 survivors (9216K)
 Metaspace       used 120652K, capacity 125163K, committed 125432K, reserved 624640K
  class space    used 15538K, capacity 17161K, committed 17228K, reserved 516096K
}
Event: 351,852 GC heap after
{Heap after GC invocations=51 (full 0):
 garbage-first heap   total 368640K, used 240136K [0x0000000080000000, 0x0000000100000000)
  region size 1024K, 3 young (3072K), 3 survivors (3072K)
 Metaspace       used 120652K, capacity 125163K, committed 125432K, reserved 624640K
  class space    used 15538K, capacity 17161K, committed 17228K, reserved 516096K
}
Event: 690,690 GC heap before
{Heap before GC invocations=52 (full 0):
 garbage-first heap   total 368640K, used 301576K [0x0000000080000000, 0x0000000100000000)
  region size 1024K, 64 young (65536K), 3 survivors (3072K)
 Metaspace       used 121039K, capacity 125506K, committed 125688K, reserved 624640K
  class space    used 15569K, capacity 17219K, committed 17228K, reserved 516096K
}
Event: 690,700 GC heap after
{Heap after GC invocations=53 (full 0):
 garbage-first heap   total 368640K, used 241526K [0x0000000080000000, 0x0000000100000000)
  region size 1024K, 5 young (5120K), 5 survivors (5120K)
 Metaspace       used 121039K, capacity 125506K, committed 125688K, reserved 624640K
  class space    used 15569K, capacity 17219K, committed 17228K, reserved 516096K
}
Event: 690,788 GC heap before
{Heap before GC invocations=53 (full 0):
 garbage-first heap   total 368640K, used 253814K [0x0000000080000000, 0x0000000100000000)
  region size 1024K, 18 young (18432K), 5 survivors (5120K)
 Metaspace       used 121107K, capacity 125644K, committed 125688K, reserved 624640K
  class space    used 15571K, capacity 17221K, committed 17228K, reserved 516096K
}
Event: 690,831 GC heap after
{Heap after GC invocations=54 (full 0):
 garbage-first heap   total 368640K, used 214576K [0x0000000080000000, 0x0000000100000000)
  region size 1024K, 3 young (3072K), 3 survivors (3072K)
 Metaspace       used 121107K, capacity 125644K, committed 125688K, reserved 624640K
  class space    used 15571K, capacity 17221K, committed 17228K, reserved 516096K
}
Event: 690,892 GC heap before
{Heap before GC invocations=54 (full 0):
 garbage-first heap   total 368640K, used 228912K [0x0000000080000000, 0x0000000100000000)
  region size 1024K, 18 young (18432K), 3 survivors (3072K)
 Metaspace       used 121140K, capacity 125645K, committed 125688K, reserved 624640K
  class space    used 15571K, capacity 17221K, committed 17228K, reserved 516096K
}
Event: 690,909 GC heap after
{Heap after GC invocations=55 (full 0):
 garbage-first heap   total 368640K, used 213830K [0x0000000080000000, 0x0000000100000000)
  region size 1024K, 2 young (2048K), 2 survivors (2048K)
 Metaspace       used 121140K, capacity 125645K, committed 125688K, reserved 624640K
  class space    used 15571K, capacity 17221K, committed 17228K, reserved 516096K
}
Event: 693,144 GC heap before
{Heap before GC invocations=55 (full 0):
 garbage-first heap   total 368640K, used 291654K [0x0000000080000000, 0x0000000100000000)
  region size 1024K, 78 young (79872K), 2 survivors (2048K)
 Metaspace       used 124215K, capacity 128845K, committed 129016K, reserved 628736K
  class space    used 16051K, capacity 17731K, committed 17740K, reserved 516096K
}
Event: 693,162 GC heap after
{Heap after GC invocations=56 (full 0):
 garbage-first heap   total 368640K, used 220000K [0x0000000080000000, 0x0000000100000000)
  region size 1024K, 8 young (8192K), 8 survivors (8192K)
 Metaspace       used 124215K, capacity 128845K, committed 129016K, reserved 628736K
  class space    used 16051K, capacity 17731K, committed 17740K, reserved 516096K
}
Event: 695,566 GC heap before
{Heap before GC invocations=57 (full 0):
 garbage-first heap   total 368640K, used 281440K [0x0000000080000000, 0x0000000100000000)
  region size 1024K, 84 young (86016K), 8 survivors (8192K)
 Metaspace       used 127972K, capacity 132908K, committed 133112K, reserved 632832K
  class space    used 16461K, capacity 18229K, committed 18252K, reserved 516096K
}
Event: 695,581 GC heap after
{Heap after GC invocations=58 (full 0):
 garbage-first heap   total 368640K, used 207188K [0x0000000080000000, 0x0000000100000000)
  region size 1024K, 4 young (4096K), 4 survivors (4096K)
 Metaspace       used 127972K, capacity 132908K, committed 133112K, reserved 632832K
  class space    used 16461K, capacity 18229K, committed 18252K, reserved 516096K
}
Event: 695,630 GC heap before
{Heap before GC invocations=58 (full 0):
 garbage-first heap   total 368640K, used 221524K [0x0000000080000000, 0x0000000100000000)
  region size 1024K, 18 young (18432K), 4 survivors (4096K)
 Metaspace       used 128044K, capacity 132972K, committed 133112K, reserved 632832K
  class space    used 16461K, capacity 18229K, committed 18252K, reserved 516096K
}
Event: 695,646 GC heap after
{Heap after GC invocations=59 (full 0):
 garbage-first heap   total 368640K, used 193084K [0x0000000080000000, 0x0000000100000000)
  region size 1024K, 1 young (1024K), 1 survivors (1024K)
 Metaspace       used 128044K, capacity 132972K, committed 133112K, reserved 632832K
  class space    used 16461K, capacity 18229K, committed 18252K, reserved 516096K
}
Event: 696,198 GC heap before
{Heap before GC invocations=59 (full 0):
 garbage-first heap   total 368640K, used 290364K [0x0000000080000000, 0x0000000100000000)
  region size 1024K, 96 young (98304K), 1 survivors (1024K)
 Metaspace       used 129383K, capacity 134863K, committed 135032K, reserved 632832K
  class space    used 16623K, capacity 18611K, committed 18636K, reserved 516096K
}
Event: 696,213 GC heap after
{Heap after GC invocations=60 (full 0):
 garbage-first heap   total 368640K, used 198510K [0x0000000080000000, 0x0000000100000000)
  region size 1024K, 6 young (6144K), 6 survivors (6144K)
 Metaspace       used 129383K, capacity 134863K, committed 135032K, reserved 632832K
  class space    used 16623K, capacity 18611K, committed 18636K, reserved 516096K
}
Event: 755,818 GC heap before
{Heap before GC invocations=61 (full 0):
 garbage-first heap   total 368640K, used 295790K [0x0000000080000000, 0x0000000100000000)
  region size 1024K, 101 young (103424K), 6 survivors (6144K)
 Metaspace       used 131674K, capacity 137447K, committed 137720K, reserved 634880K
  class space    used 16923K, capacity 18965K, committed 19020K, reserved 516096K
}
Event: 755,848 GC heap after
{Heap after GC invocations=62 (full 0):
 garbage-first heap   total 368640K, used 210541K [0x0000000080000000, 0x0000000100000000)
  region size 1024K, 13 young (13312K), 13 survivors (13312K)
 Metaspace       used 131674K, capacity 137447K, committed 137720K, reserved 634880K
  class space    used 16923K, capacity 18965K, committed 19020K, reserved 516096K
}

